#
# There is insufficient memory for the Java Runtime Environment to continue.
# Native memory allocation (mmap) failed to map 65536 bytes for Failed to commit metaspace.
# Possible reasons:
#   The system is out of physical RAM or swap space
#   The process is running with CompressedOops enabled, and the Java Heap may be blocking the growth of the native heap
# Possible solutions:
#   Reduce memory load on the system
#   Increase physical memory or swap space
#   Check if swap backing store is full
#   Decrease Java heap size (-Xmx/-Xms)
#   Decrease number of Java threads
#   Decrease Java thread stack sizes (-Xss)
#   Set larger code cache with -XX:ReservedCodeCacheSize=
#   JVM is running with Unscaled Compressed Oops mode in which the Java heap is
#     placed in the first 4GB address space. The Java Heap base address is the
#     maximum limit for the native heap growth. Please use -XX:HeapBaseMinAddress
#     to set the Java Heap base and to place the Java Heap above 4GB virtual address.
# This output file may be truncated or incomplete.
#
#  Out of Memory Error (virtualSpaceNode.cpp:110), pid=11752, tid=1260
#
# JRE version: OpenJDK Runtime Environment Temurin-17.0.2+8 (17.0.2+8) (build 17.0.2+8)
# Java VM: OpenJDK 64-Bit Server VM Temurin-17.0.2+8 (17.0.2+8, mixed mode, tiered, compressed oops, compressed class ptrs, parallel gc, windows-amd64)
# No core dump will be written. Minidumps are not enabled by default on client versions of Windows
#

---------------  S U M M A R Y ------------

Command Line: --add-modules=ALL-SYSTEM --add-opens=java.base/java.util=ALL-UNNAMED --add-opens=java.base/java.lang=ALL-UNNAMED --add-opens=java.base/sun.nio.fs=ALL-UNNAMED -Declipse.application=org.eclipse.jdt.ls.core.id1 -Dosgi.bundles.defaultStartLevel=4 -Declipse.product=org.eclipse.jdt.ls.core.product -Djava.import.generatesMetadataFilesAtProjectRoot=false -Dfile.encoding=utf8 -DwatchParentProcess=false -XX:+UseParallelGC -XX:GCTimeRatio=4 -XX:AdaptiveSizePolicyWeight=90 -Dsun.zip.disableMemoryMapping=true -Xmx1G -Xms100m c:\Users\91707\.vscode\extensions\redhat.java-1.6.0-win32-x64\server\plugins\org.eclipse.equinox.launcher_1.6.400.v20210924-0641.jar -configuration c:\Users\91707\AppData\Roaming\Code\User\globalStorage\redhat.java\1.6.0\config_ss_win -data c:\Users\91707\AppData\Roaming\Code\User\workspaceStorage\32f95a7b6e21401cd980a1ca28dd1657\redhat.java\ss_ws

Host: AMD Ryzen 5 3500U with Radeon Vega Mobile Gfx  , 8 cores, 5G,  Windows 10 , 64 bit Build 19041 (10.0.19041.1645)
Time: Wed May 18 03:00:14 2022 India Standard Time elapsed time: 0.399313 seconds (0d 0h 0m 0s)

---------------  T H R E A D  ---------------

Current thread (0x00000205bddaf460):  JavaThread "main" [_thread_in_vm, id=1260, stack(0x0000008628a00000,0x0000008628b00000)]

Stack: [0x0000008628a00000,0x0000008628b00000]
Native frames: (J=compiled Java code, j=interpreted, Vv=VM code, C=native code)
V  [jvm.dll+0x67564a]
V  [jvm.dll+0x82fc04]
V  [jvm.dll+0x8313ae]
V  [jvm.dll+0x831a13]
V  [jvm.dll+0x245235]
V  [jvm.dll+0x82bbab]
V  [jvm.dll+0x61a336]
V  [jvm.dll+0x61a39a]
V  [jvm.dll+0x61cbba]
V  [jvm.dll+0x61acd6]
V  [jvm.dll+0x242c8c]
V  [jvm.dll+0x6cb9ed]
V  [jvm.dll+0x6cc41f]
V  [jvm.dll+0x36f9b3]
V  [jvm.dll+0x36eb72]
V  [jvm.dll+0x36eb18]
V  [jvm.dll+0x55ca95]
V  [jvm.dll+0x55bbbd]
V  [jvm.dll+0x382937]
V  [jvm.dll+0x381f8f]
C  0x00000205c2259de2

Java frames: (J=compiled Java code, j=interpreted, Vv=VM code)
j  jdk.internal.jimage.decompressor.Decompressor.decompressResource(Ljava/nio/ByteOrder;Ljdk/internal/jimage/decompressor/ResourceDecompressor$StringsProvider;[B)[B+17 java.base@17.0.2
j  jdk.internal.jimage.BasicImageReader.getResourceBuffer(Ljdk/internal/jimage/ImageLocation;)Ljava/nio/ByteBuffer;+175 java.base@17.0.2
j  jdk.internal.jimage.ImageReader.getResourceBuffer(Ljdk/internal/jimage/ImageLocation;)Ljava/nio/ByteBuffer;+9 java.base@17.0.2
j  jdk.internal.module.SystemModuleFinders$SystemModuleReader.read(Ljava/lang/String;)Ljava/util/Optional;+14 java.base@17.0.2
j  jdk.internal.module.SystemModuleFinders$SystemModuleReader.open(Ljava/lang/String;)Ljava/util/Optional;+2 java.base@17.0.2
j  jdk.internal.loader.BuiltinClassLoader.findResourceAsStream(Ljava/lang/String;Ljava/lang/String;)Ljava/io/InputStream;+54 java.base@17.0.2
j  jdk.internal.loader.BootLoader.findResourceAsStream(Ljava/lang/String;Ljava/lang/String;)Ljava/io/InputStream;+5 java.base@17.0.2
j  java.lang.Class.getResourceAsStream(Ljava/lang/String;)Ljava/io/InputStream;+56 java.base@17.0.2
j  jdk.internal.icu.impl.ICUBinary$1.run()Ljava/io/InputStream;+8 java.base@17.0.2
j  jdk.internal.icu.impl.ICUBinary$1.run()Ljava/lang/Object;+1 java.base@17.0.2
j  java.security.AccessController.executePrivileged(Ljava/security/PrivilegedAction;Ljava/security/AccessControlContext;Ljava/lang/Class;)Ljava/lang/Object;+29 java.base@17.0.2
j  java.security.AccessController.doPrivileged(Ljava/security/PrivilegedAction;)Ljava/lang/Object;+5 java.base@17.0.2
j  jdk.internal.icu.impl.ICUBinary.getRequiredData(Ljava/lang/String;)Ljava/nio/ByteBuffer;+12 java.base@17.0.2
j  jdk.internal.icu.impl.NormalizerImpl.load(Ljava/lang/String;)Ljdk/internal/icu/impl/NormalizerImpl;+2 java.base@17.0.2
j  jdk.internal.icu.impl.Norm2AllModes$Norm2AllModesSingleton.<init>(Ljava/lang/String;)V+37 java.base@17.0.2
j  jdk.internal.icu.impl.Norm2AllModes$NFKCSingleton.<clinit>()V+6 java.base@17.0.2
v  ~StubRoutines::call_stub
j  jdk.internal.icu.impl.Norm2AllModes.getNFKCInstance()Ljdk/internal/icu/impl/Norm2AllModes;+0 java.base@17.0.2
j  jdk.internal.icu.text.Normalizer2.getNFKDInstance()Ljdk/internal/icu/text/Normalizer2;+0 java.base@17.0.2
j  jdk.internal.icu.text.NormalizerBase$NFKDModeImpl.<clinit>()V+4 java.base@17.0.2
v  ~StubRoutines::call_stub
j  jdk.internal.icu.text.NormalizerBase$NFKDMode.getNormalizer2(I)Ljdk/internal/icu/text/Normalizer2;+16 java.base@17.0.2
j  jdk.internal.icu.text.NormalizerBase.normalize(Ljava/lang/String;Ljdk/internal/icu/text/NormalizerBase$Mode;I)Ljava/lang/String;+2 java.base@17.0.2
j  jdk.internal.icu.text.NormalizerBase.normalize(Ljava/lang/String;Ljava/text/Normalizer$Form;)Ljava/lang/String;+6 java.base@17.0.2
j  java.text.Normalizer.normalize(Ljava/lang/CharSequence;Ljava/text/Normalizer$Form;)Ljava/lang/String;+7 java.base@17.0.2
j  sun.security.x509.AVA.toRFC2253CanonicalString()Ljava/lang/String;+386 java.base@17.0.2
j  sun.security.x509.RDN.toRFC2253StringInternal(ZLjava/util/Map;)Ljava/lang/String;+19 java.base@17.0.2
j  sun.security.x509.RDN.toRFC2253String(Z)Ljava/lang/String;+27 java.base@17.0.2
j  sun.security.x509.X500Name.getRFC2253CanonicalName()Ljava/lang/String;+63 java.base@17.0.2
j  sun.security.x509.X500Name.equals(Ljava/lang/Object;)Z+115 java.base@17.0.2
j  sun.security.pkcs.PKCS7.getCertificate(Ljava/math/BigInteger;Lsun/security/x509/X500Name;)Ljava/security/cert/X509Certificate;+60 java.base@17.0.2
j  sun.security.pkcs.SignerInfo.getCertificate(Lsun/security/pkcs/PKCS7;)Ljava/security/cert/X509Certificate;+9 java.base@17.0.2
j  sun.security.pkcs.SignerInfo.verify(Lsun/security/pkcs/PKCS7;[B)Lsun/security/pkcs/SignerInfo;+407 java.base@17.0.2
j  sun.security.pkcs.PKCS7.verify(Lsun/security/pkcs/SignerInfo;[B)Lsun/security/pkcs/SignerInfo;+3 java.base@17.0.2
j  sun.security.pkcs.PKCS7.verify([B)[Lsun/security/pkcs/SignerInfo;+27 java.base@17.0.2
j  sun.security.pkcs.SignerInfo.getTimestamp()Ljava/security/Timestamp;+45 java.base@17.0.2
j  sun.security.pkcs.SignerInfo.verify(Lsun/security/pkcs/PKCS7;[B)Lsun/security/pkcs/SignerInfo;+3 java.base@17.0.2
j  sun.security.pkcs.PKCS7.verify(Lsun/security/pkcs/SignerInfo;[B)Lsun/security/pkcs/SignerInfo;+3 java.base@17.0.2
j  sun.security.pkcs.PKCS7.verify([B)[Lsun/security/pkcs/SignerInfo;+27 java.base@17.0.2
j  sun.security.util.SignatureFileVerifier.processImpl(Ljava/util/Hashtable;Ljava/util/List;Ljava/lang/String;)V+63 java.base@17.0.2
j  sun.security.util.SignatureFileVerifier.process(Ljava/util/Hashtable;Ljava/util/List;Ljava/lang/String;)V+12 java.base@17.0.2
j  java.util.jar.JarVerifier.processEntry(Lsun/security/util/ManifestEntryVerifier;)V+396 java.base@17.0.2
j  java.util.jar.JarVerifier.update(I[BIILsun/security/util/ManifestEntryVerifier;)V+39 java.base@17.0.2
j  java.util.jar.JarFile.initializeVerifier()V+163 java.base@17.0.2
j  java.util.jar.JarFile.ensureInitialization()V+41 java.base@17.0.2
j  java.util.jar.JavaUtilJarAccessImpl.ensureInitialization(Ljava/util/jar/JarFile;)V+1 java.base@17.0.2
j  jdk.internal.loader.URLClassPath$JarLoader$2.getManifest()Ljava/util/jar/Manifest;+10 java.base@17.0.2
j  jdk.internal.loader.BuiltinClassLoader.defineClass(Ljava/lang/String;Ljdk/internal/loader/Resource;)Ljava/lang/Class;+29 java.base@17.0.2
j  jdk.internal.loader.BuiltinClassLoader.findClassOnClassPathOrNull(Ljava/lang/String;)Ljava/lang/Class;+37 java.base@17.0.2
j  jdk.internal.loader.BuiltinClassLoader.loadClassOrNull(Ljava/lang/String;Z)Ljava/lang/Class;+111 java.base@17.0.2
j  jdk.internal.loader.BuiltinClassLoader.loadClass(Ljava/lang/String;Z)Ljava/lang/Class;+3 java.base@17.0.2
j  jdk.internal.loader.ClassLoaders$AppClassLoader.loadClass(Ljava/lang/String;Z)Ljava/lang/Class;+36 java.base@17.0.2
j  java.lang.ClassLoader.loadClass(Ljava/lang/String;)Ljava/lang/Class;+3 java.base@17.0.2
v  ~StubRoutines::call_stub
j  java.lang.Class.forName0(Ljava/lang/String;ZLjava/lang/ClassLoader;Ljava/lang/Class;)Ljava/lang/Class;+0 java.base@17.0.2
j  java.lang.Class.forName(Ljava/lang/String;ZLjava/lang/ClassLoader;)Ljava/lang/Class;+43 java.base@17.0.2
j  sun.launcher.LauncherHelper.loadMainClass(ILjava/lang/String;)Ljava/lang/Class;+95 java.base@17.0.2
j  sun.launcher.LauncherHelper.checkAndLoadMain(ZILjava/lang/String;)Ljava/lang/Class;+42 java.base@17.0.2
v  ~StubRoutines::call_stub

---------------  P R O C E S S  ---------------

Threads class SMR info:
_java_thread_list=0x00000205d62f4420, length=13, elements={
0x00000205bddaf460, 0x00000205d3b83160, 0x00000205d3b84900, 0x00000205d3b88e80,
0x00000205d3b89c00, 0x00000205d3b8a980, 0x00000205d60ea7c0, 0x00000205d60ef100,
0x00000205d60f0250, 0x00000205d60f12f0, 0x00000205d3a108a0, 0x00000205d625f2c0,
0x00000205d63830d0
}

Java Threads: ( => current thread )
=>0x00000205bddaf460 JavaThread "main" [_thread_in_vm, id=1260, stack(0x0000008628a00000,0x0000008628b00000)]
  0x00000205d3b83160 JavaThread "Reference Handler" daemon [_thread_blocked, id=804, stack(0x0000008628d00000,0x0000008628e00000)]
  0x00000205d3b84900 JavaThread "Finalizer" daemon [_thread_blocked, id=4156, stack(0x0000008628e00000,0x0000008628f00000)]
  0x00000205d3b88e80 JavaThread "Signal Dispatcher" daemon [_thread_blocked, id=14696, stack(0x0000008628f00000,0x0000008629000000)]
  0x00000205d3b89c00 JavaThread "Attach Listener" daemon [_thread_blocked, id=12260, stack(0x0000008629000000,0x0000008629100000)]
  0x00000205d3b8a980 JavaThread "Service Thread" daemon [_thread_blocked, id=13268, stack(0x0000008629100000,0x0000008629200000)]
  0x00000205d60ea7c0 JavaThread "Monitor Deflation Thread" daemon [_thread_blocked, id=1124, stack(0x0000008629200000,0x0000008629300000)]
  0x00000205d60ef100 JavaThread "C2 CompilerThread0" daemon [_thread_blocked, id=4628, stack(0x0000008629300000,0x0000008629400000)]
  0x00000205d60f0250 JavaThread "C1 CompilerThread0" daemon [_thread_blocked, id=14916, stack(0x0000008629400000,0x0000008629500000)]
  0x00000205d60f12f0 JavaThread "Sweeper thread" daemon [_thread_blocked, id=7572, stack(0x0000008629500000,0x0000008629600000)]
  0x00000205d3a108a0 JavaThread "Common-Cleaner" daemon [_thread_blocked, id=15484, stack(0x0000008629600000,0x0000008629700000)]
  0x00000205d625f2c0 JavaThread "C2 CompilerThread1" daemon [_thread_blocked, id=3240, stack(0x0000008629700000,0x0000008629800000)]
  0x00000205d63830d0 JavaThread "Notification Thread" daemon [_thread_blocked, id=11348, stack(0x0000008629800000,0x0000008629900000)]

Other Threads:
  0x00000205d3b7e600 VMThread "VM Thread" [stack: 0x0000008628c00000,0x0000008628d00000] [id=8508]
  0x00000205d62f7460 WatcherThread [stack: 0x0000008629900000,0x0000008629a00000] [id=6620]
  0x00000205bddc5400 GCTaskThread "GC Thread#0" [stack: 0x0000008628b00000,0x0000008628c00000] [id=8804]

Threads with active compile tasks:

VM state: not at safepoint (normal execution)

VM Mutex/Monitor currently owned by a thread:  ([mutex/lock_event])
[0x00000205bdda8840] Metaspace_lock - owner thread: 0x00000205bddaf460

Heap address: 0x00000000c0000000, size: 1024 MB, Compressed Oops mode: 32-bit

CDS archive(s) not mapped
Compressed class space mapped at: 0x0000000100000000-0x0000000140000000, reserved size: 1073741824
Narrow klass base: 0x0000000000000000, Narrow klass shift: 3, Narrow klass range: 0x140000000

GC Precious Log:
 CPUs: 8 total, 8 available
 Memory: 6060M
 Large Page Support: Disabled
 NUMA Support: Disabled
 Compressed Oops: Enabled (32-bit)
 Alignments: Space 512K, Generation 512K, Heap 2M
 Heap Min Capacity: 100M
 Heap Initial Capacity: 100M
 Heap Max Capacity: 1G
 Pre-touch: Disabled
 Parallel Workers: 8

Heap:
 PSYoungGen      total 29696K, used 4104K [0x00000000eab00000, 0x00000000ecc00000, 0x0000000100000000)
  eden space 25600K, 16% used [0x00000000eab00000,0x00000000eaf02178,0x00000000ec400000)
  from space 4096K, 0% used [0x00000000ec800000,0x00000000ec800000,0x00000000ecc00000)
  to   space 4096K, 0% used [0x00000000ec400000,0x00000000ec400000,0x00000000ec800000)
 ParOldGen       total 68608K, used 0K [0x00000000c0000000, 0x00000000c4300000, 0x00000000eab00000)
  object space 68608K, 0% used [0x00000000c0000000,0x00000000c0000000,0x00000000c4300000)
 Metaspace       used 7377K, committed 7424K, reserved 1056768K
  class space    used 727K, committed 768K, reserved 1048576K

Card table byte_map: [0x00000205d1420000,0x00000205d1630000] _byte_map_base: 0x00000205d0e20000

Marking Bits: (ParMarkBitMap*) 0x00007ffe93c53af0
 Begin Bits: [0x00000205d1790000, 0x00000205d2790000)
 End Bits:   [0x00000205d2790000, 0x00000205d3790000)

Polling page: 0x00000205bde90000

Metaspace:

Usage:
  Non-class:      6.49 MB used.
      Class:    727.37 KB used.
       Both:      7.20 MB used.

Virtual space:
  Non-class space:        8.00 MB reserved,       6.50 MB ( 81%) committed,  1 nodes.
      Class space:        1.00 GB reserved,     768.00 KB ( <1%) committed,  1 nodes.
             Both:        1.01 GB reserved,       7.25 MB ( <1%) committed. 

Chunk freelists:
   Non-Class:  1.00 MB
       Class:  3.25 MB
        Both:  4.25 MB

MaxMetaspaceSize: unlimited
CompressedClassSpaceSize: 1.00 GB
Initial GC threshold: 21.00 MB
Current GC threshold: 21.00 MB
CDS: off
MetaspaceReclaimPolicy: balanced
 - commit_granule_bytes: 65536.
 - commit_granule_words: 8192.
 - virtual_space_node_default_size: 1048576.
 - enlarge_chunks_in_place: 1.
 - new_chunks_are_fully_committed: 0.
 - uncommit_free_chunks: 1.
 - use_allocation_guard: 0.
 - handle_deallocations: 1.


Internal statistics:

num_allocs_failed_limit: 0.
num_arena_births: 6.
num_arena_deaths: 0.
num_vsnodes_births: 2.
num_vsnodes_deaths: 0.
num_space_committed: 116.
num_space_uncommitted: 0.
num_chunks_returned_to_freelist: 0.
num_chunks_taken_from_freelist: 24.
num_chunk_merges: 0.
num_chunk_splits: 6.
num_chunks_enlarged: 2.
num_purges: 0.
num_inconsistent_stats: 0.

CodeHeap 'non-profiled nmethods': size=120000Kb used=91Kb max_used=91Kb free=119908Kb
 bounds [0x00000205c9d10000, 0x00000205c9f80000, 0x00000205d1240000]
CodeHeap 'profiled nmethods': size=120000Kb used=385Kb max_used=385Kb free=119614Kb
 bounds [0x00000205c27e0000, 0x00000205c2a50000, 0x00000205c9d10000]
CodeHeap 'non-nmethods': size=5760Kb used=1117Kb max_used=1134Kb free=4642Kb
 bounds [0x00000205c2240000, 0x00000205c24b0000, 0x00000205c27e0000]
 total_blobs=706 nmethods=305 adapters=316
 compilation: enabled
              stopped_count=0, restarted_count=0
 full_count=0

Compilation events (20 events):
Event: 0.369 Thread 0x00000205d60f0250 nmethod 291 0x00000205c283e590 code [0x00000205c283e740, 0x00000205c283e988]
Event: 0.370 Thread 0x00000205d60f0250  293       3       java.lang.reflect.Modifier::isPublic (12 bytes)
Event: 0.370 Thread 0x00000205d60f0250 nmethod 293 0x00000205c283ea90 code [0x00000205c283ec20, 0x00000205c283ed78]
Event: 0.376 Thread 0x00000205d60f0250  294       1       java.lang.invoke.MethodType$ConcurrentWeakInternSet$WeakEntry::hashCode (5 bytes)
Event: 0.376 Thread 0x00000205d60f0250 nmethod 294 0x00000205c9d24d10 code [0x00000205c9d24ea0, 0x00000205c9d24f78]
Event: 0.378 Thread 0x00000205d625f2c0  295       4       java.lang.String::length (11 bytes)
Event: 0.378 Thread 0x00000205d625f2c0 nmethod 295 0x00000205c9d25010 code [0x00000205c9d25180, 0x00000205c9d25218]
Event: 0.382 Thread 0x00000205d60f0250  298       3       java.util.Arrays::hashCode (44 bytes)
Event: 0.382 Thread 0x00000205d60ef100  299       4       java.util.Arrays::copyOfRange (64 bytes)
Event: 0.382 Thread 0x00000205d60f0250 nmethod 298 0x00000205c283ee10 code [0x00000205c283efc0, 0x00000205c283f1d8]
Event: 0.384 Thread 0x00000205d60ef100 nmethod 299 0x00000205c9d25910 code [0x00000205c9d25aa0, 0x00000205c9d25d98]
Event: 0.386 Thread 0x00000205d60f0250  300       3       sun.nio.fs.WindowsPathParser::isSlash (18 bytes)
Event: 0.386 Thread 0x00000205d60f0250 nmethod 300 0x00000205c283f310 code [0x00000205c283f4a0, 0x00000205c283f618]
Event: 0.391 Thread 0x00000205d60ef100  301       4       java.util.HashMap::resize (358 bytes)
Event: 0.392 Thread 0x00000205d60f0250  302       3       java.lang.ref.Reference::reachabilityFence (1 bytes)
Event: 0.392 Thread 0x00000205d60f0250 nmethod 302 0x00000205c283f690 code [0x00000205c283f820, 0x00000205c283f918]
Event: 0.394 Thread 0x00000205d60f0250  303       3       java.util.Arrays::equals (57 bytes)
Event: 0.395 Thread 0x00000205d60f0250 nmethod 303 0x00000205c283f990 code [0x00000205c283fb80, 0x00000205c2840148]
Event: 0.395 Thread 0x00000205d60f0250  305       3       java.lang.invoke.MethodType::equals (31 bytes)
Event: 0.395 Thread 0x00000205d60f0250 nmethod 305 0x00000205c2840310 code [0x00000205c28404c0, 0x00000205c28406a8]

GC Heap History (0 events):
No events

Deoptimization events (4 events):
Event: 0.237 Thread 0x00000205bddaf460 Uncommon trap: trap_request=0xffffff45 fr.pc=0x00000205c9d1d0dc relative=0x000000000000005c
Event: 0.237 Thread 0x00000205bddaf460 Uncommon trap: reason=unstable_if action=reinterpret pc=0x00000205c9d1d0dc method=java.lang.String.isLatin1()Z @ 10 c2
Event: 0.237 Thread 0x00000205bddaf460 DEOPT PACKING pc=0x00000205c9d1d0dc sp=0x0000008628afe3e0
Event: 0.237 Thread 0x00000205bddaf460 DEOPT UNPACKING pc=0x00000205c22920a3 sp=0x0000008628afe370 mode 2

Classes unloaded (0 events):
No events

Classes redefined (0 events):
No events

Internal exceptions (1 events):
Event: 0.197 Thread 0x00000205bddaf460 Exception <a 'java/lang/NoSuchMethodError'{0x00000000eacb2170}: 'void java.lang.invoke.DirectMethodHandle$Holder.invokeStatic(java.lang.Object, java.lang.Object, java.lang.Object)'> (0x00000000eacb2170) 
thrown [e:\jenkins\tmp\workspace\build\src\src\hotspot\share\interpreter\linkResolver.cpp, line 766]

VM Operations (2 events):
Event: 0.204 Executing VM operation: HandshakeAllThreads
Event: 0.205 Executing VM operation: HandshakeAllThreads done

Events (20 events):
Event: 0.391 loading class jdk/internal/jimage/decompressor/Decompressor
Event: 0.391 loading class jdk/internal/jimage/decompressor/Decompressor done
Event: 0.391 loading class jdk/internal/jimage/ImageLocation
Event: 0.392 loading class jdk/internal/jimage/ImageLocation done
Event: 0.392 loading class jdk/internal/jimage/ImageBufferCache
Event: 0.392 loading class jdk/internal/jimage/ImageBufferCache done
Event: 0.393 loading class jdk/internal/jimage/ImageBufferCache$1
Event: 0.393 loading class jdk/internal/jimage/ImageBufferCache$1 done
Event: 0.393 loading class jdk/internal/jimage/ImageBufferCache$2
Event: 0.393 loading class jdk/internal/jimage/ImageBufferCache$2 done
Event: 0.393 loading class java/util/AbstractMap$SimpleEntry
Event: 0.393 loading class java/util/AbstractMap$SimpleEntry done
Event: 0.393 loading class java/util/Arrays$LegacyMergeSort
Event: 0.393 loading class java/util/Arrays$LegacyMergeSort done
Event: 0.393 loading class java/util/TimSort
Event: 0.394 loading class java/util/TimSort done
Event: 0.394 loading class jdk/internal/jimage/decompressor/ResourceDecompressor$StringsProvider
Event: 0.394 loading class jdk/internal/jimage/decompressor/ResourceDecompressor$StringsProvider done
Event: 0.395 loading class jdk/internal/jimage/decompressor/CompressedResourceHeader
Event: 0.395 loading class jdk/internal/jimage/decompressor/CompressedResourceHeader done


Dynamic libraries:
0x00007ff6c8bc0000 - 0x00007ff6c8bce000 	c:\Users\91707\.vscode\extensions\redhat.java-1.6.0-win32-x64\jre\17.0.2-win32-x86_64\bin\java.exe
0x00007ffecc270000 - 0x00007ffecc465000 	C:\windows\SYSTEM32\ntdll.dll
0x00007ffecbd30000 - 0x00007ffecbdee000 	C:\windows\System32\KERNEL32.DLL
0x00007ffec9e10000 - 0x00007ffeca0d8000 	C:\windows\System32\KERNELBASE.dll
0x00007ffec9d10000 - 0x00007ffec9e10000 	C:\windows\System32\ucrtbase.dll
0x00007ffead170000 - 0x00007ffead188000 	c:\Users\91707\.vscode\extensions\redhat.java-1.6.0-win32-x64\jre\17.0.2-win32-x86_64\bin\jli.dll
0x00007ffeadfc0000 - 0x00007ffeadfd9000 	c:\Users\91707\.vscode\extensions\redhat.java-1.6.0-win32-x64\jre\17.0.2-win32-x86_64\bin\VCRUNTIME140.dll
0x00007ffecc070000 - 0x00007ffecc210000 	C:\windows\System32\USER32.dll
0x00007ffeb05f0000 - 0x00007ffeb088a000 	C:\windows\WinSxS\amd64_microsoft.windows.common-controls_6595b64144ccf1df_6.0.19041.1110_none_60b5254171f9507e\COMCTL32.dll
0x00007ffeca1f0000 - 0x00007ffeca212000 	C:\windows\System32\win32u.dll
0x00007ffecb8f0000 - 0x00007ffecb91a000 	C:\windows\System32\GDI32.dll
0x00007ffeca5b0000 - 0x00007ffeca64e000 	C:\windows\System32\msvcrt.dll
0x00007ffeca0e0000 - 0x00007ffeca1eb000 	C:\windows\System32\gdi32full.dll
0x00007ffec99e0000 - 0x00007ffec9a7d000 	C:\windows\System32\msvcp_win.dll
0x00007ffecbd00000 - 0x00007ffecbd30000 	C:\windows\System32\IMM32.DLL
0x00007ffec1ce0000 - 0x00007ffec1cec000 	c:\Users\91707\.vscode\extensions\redhat.java-1.6.0-win32-x64\jre\17.0.2-win32-x86_64\bin\vcruntime140_1.dll
0x00007ffea6d80000 - 0x00007ffea6e11000 	c:\Users\91707\.vscode\extensions\redhat.java-1.6.0-win32-x64\jre\17.0.2-win32-x86_64\bin\msvcp140.dll
0x00007ffe930d0000 - 0x00007ffe93d17000 	c:\Users\91707\.vscode\extensions\redhat.java-1.6.0-win32-x64\jre\17.0.2-win32-x86_64\bin\server\jvm.dll
0x00007ffecbfc0000 - 0x00007ffecc06e000 	C:\windows\System32\ADVAPI32.dll
0x00007ffecbf20000 - 0x00007ffecbfbc000 	C:\windows\System32\sechost.dll
0x00007ffecb600000 - 0x00007ffecb725000 	C:\windows\System32\RPCRT4.dll
0x00007ffecbcf0000 - 0x00007ffecbcf8000 	C:\windows\System32\PSAPI.DLL
0x00007ffec1c00000 - 0x00007ffec1c09000 	C:\windows\SYSTEM32\WSOCK32.dll
0x00007ffebf830000 - 0x00007ffebf857000 	C:\windows\SYSTEM32\WINMM.dll
0x00007ffec0ab0000 - 0x00007ffec0aba000 	C:\windows\SYSTEM32\VERSION.dll
0x00007ffecac60000 - 0x00007ffecaccb000 	C:\windows\System32\WS2_32.dll
0x00007ffec78b0000 - 0x00007ffec78c2000 	C:\windows\SYSTEM32\kernel.appcore.dll
0x00007ffec1880000 - 0x00007ffec188a000 	c:\Users\91707\.vscode\extensions\redhat.java-1.6.0-win32-x64\jre\17.0.2-win32-x86_64\bin\jimage.dll
0x00007ffeb6270000 - 0x00007ffeb6454000 	C:\windows\SYSTEM32\DBGHELP.DLL
0x00007ffeb1dc0000 - 0x00007ffeb1dec000 	C:\windows\SYSTEM32\dbgcore.DLL
0x00007ffec9ab0000 - 0x00007ffec9b32000 	C:\windows\System32\bcryptPrimitives.dll
0x00007ffeaae70000 - 0x00007ffeaae95000 	c:\Users\91707\.vscode\extensions\redhat.java-1.6.0-win32-x64\jre\17.0.2-win32-x86_64\bin\java.dll
0x00007ffeabc90000 - 0x00007ffeabca8000 	c:\Users\91707\.vscode\extensions\redhat.java-1.6.0-win32-x64\jre\17.0.2-win32-x86_64\bin\zip.dll
0x00007ffecacd0000 - 0x00007ffecb414000 	C:\windows\System32\SHELL32.dll
0x00007ffec7ab0000 - 0x00007ffec8244000 	C:\windows\SYSTEM32\windows.storage.dll
0x00007ffecb930000 - 0x00007ffecbc84000 	C:\windows\System32\combase.dll
0x00007ffec9330000 - 0x00007ffec935c000 	C:\windows\SYSTEM32\Wldp.dll
0x00007ffeca3f0000 - 0x00007ffeca49d000 	C:\windows\System32\SHCORE.dll
0x00007ffeca550000 - 0x00007ffeca5a5000 	C:\windows\System32\shlwapi.dll
0x00007ffec98d0000 - 0x00007ffec98ef000 	C:\windows\SYSTEM32\profapi.dll
0x00007ffeaadd0000 - 0x00007ffeaade9000 	C:\Users\91707\.vscode\extensions\redhat.java-1.6.0-win32-x64\jre\17.0.2-win32-x86_64\bin\net.dll
0x00007ffec3e30000 - 0x00007ffec3f3a000 	C:\windows\SYSTEM32\WINHTTP.dll
0x00007ffec9090000 - 0x00007ffec90fa000 	C:\windows\system32\mswsock.dll
0x00007ffeaa8d0000 - 0x00007ffeaa8e5000 	C:\Users\91707\.vscode\extensions\redhat.java-1.6.0-win32-x64\jre\17.0.2-win32-x86_64\bin\nio.dll

dbghelp: loaded successfully - version: 4.0.5 - missing functions: none
symbol engine: initialized successfully - sym options: 0x614 - pdb path: .;c:\Users\91707\.vscode\extensions\redhat.java-1.6.0-win32-x64\jre\17.0.2-win32-x86_64\bin;C:\windows\SYSTEM32;C:\windows\WinSxS\amd64_microsoft.windows.common-controls_6595b64144ccf1df_6.0.19041.1110_none_60b5254171f9507e;c:\Users\91707\.vscode\extensions\redhat.java-1.6.0-win32-x64\jre\17.0.2-win32-x86_64\bin\server

VM Arguments:
jvm_args: --add-modules=ALL-SYSTEM --add-opens=java.base/java.util=ALL-UNNAMED --add-opens=java.base/java.lang=ALL-UNNAMED --add-opens=java.base/sun.nio.fs=ALL-UNNAMED -Declipse.application=org.eclipse.jdt.ls.core.id1 -Dosgi.bundles.defaultStartLevel=4 -Declipse.product=org.eclipse.jdt.ls.core.product -Djava.import.generatesMetadataFilesAtProjectRoot=false -Dfile.encoding=utf8 -DwatchParentProcess=false -XX:+UseParallelGC -XX:GCTimeRatio=4 -XX:AdaptiveSizePolicyWeight=90 -Dsun.zip.disableMemoryMapping=true -Xmx1G -Xms100m 
java_command: c:\Users\91707\.vscode\extensions\redhat.java-1.6.0-win32-x64\server\plugins\org.eclipse.equinox.launcher_1.6.400.v20210924-0641.jar -configuration c:\Users\91707\AppData\Roaming\Code\User\globalStorage\redhat.java\1.6.0\config_ss_win -data c:\Users\91707\AppData\Roaming\Code\User\workspaceStorage\32f95a7b6e21401cd980a1ca28dd1657\redhat.java\ss_ws
java_class_path (initial): c:\Users\91707\.vscode\extensions\redhat.java-1.6.0-win32-x64\server\plugins\org.eclipse.equinox.launcher_1.6.400.v20210924-0641.jar
Launcher Type: SUN_STANDARD

[Global flags]
    uintx AdaptiveSizePolicyWeight                 = 90                                        {product} {command line}
     intx CICompilerCount                          = 4                                         {product} {ergonomic}
    uintx GCTimeRatio                              = 4                                         {product} {command line}
   size_t InitialHeapSize                          = 104857600                                 {product} {command line}
   size_t MaxHeapSize                              = 1073741824                                {product} {command line}
   size_t MaxNewSize                               = 357564416                                 {product} {ergonomic}
   size_t MinHeapDeltaBytes                        = 524288                                    {product} {ergonomic}
   size_t MinHeapSize                              = 104857600                                 {product} {command line}
   size_t NewSize                                  = 34603008                                  {product} {ergonomic}
    uintx NonNMethodCodeHeapSize                   = 5839372                                {pd product} {ergonomic}
    uintx NonProfiledCodeHeapSize                  = 122909434                              {pd product} {ergonomic}
   size_t OldSize                                  = 70254592                                  {product} {ergonomic}
    uintx ProfiledCodeHeapSize                     = 122909434                              {pd product} {ergonomic}
    uintx ReservedCodeCacheSize                    = 251658240                              {pd product} {ergonomic}
     bool SegmentedCodeCache                       = true                                      {product} {ergonomic}
   size_t SoftMaxHeapSize                          = 1073741824                             {manageable} {ergonomic}
     bool UseCompressedClassPointers               = true                           {product lp64_product} {ergonomic}
     bool UseCompressedOops                        = true                           {product lp64_product} {ergonomic}
     bool UseLargePagesIndividualAllocation        = false                                  {pd product} {ergonomic}
     bool UseParallelGC                            = true                                      {product} {command line}

Logging:
Log output configuration:
 #0: stdout all=warning uptime,level,tags
 #1: stderr all=off uptime,level,tags

Environment Variables:
JAVA_HOME=C:\Program Files\Java\jdk-15.0.1
PATH=C:\Python310\Scripts\;C:\Python310\;C:\Program Files (x86)\Common Files\Intel\Shared Libraries\redist\intel64\compiler;C:\Program Files\Common Files\Oracle\Java\javapath;C:\windows\system32;C:\windows;C:\windows\System32\Wbem;C:\windows\System32\WindowsPowerShell\v1.0\;C:\windows\System32\OpenSSH\;C:\Program Files\Java\jdk-15\bin;C:\Program Files\Java\jdk-14.0.2\bin;C:\Program Files\Java\jdk-15.0.1\bin;C:\Program Files\Git\cmd;C:\Program Files\Java\jdk-14.0.2\bin;C:\MinGW\bin;C:\ProgramData\chocolatey\bin;C:\Users\91707\AppData\Local\Microsoft\WindowsApps;;C:\Program Files\JetBrains\IntelliJ IDEA Community Edition 2020.2.3\bin;;C:\Users\91707\AppData\Local\Programs\Microsoft VS Code\bin
USERNAME=91707
OS=Windows_NT
PROCESSOR_IDENTIFIER=AMD64 Family 23 Model 24 Stepping 1, AuthenticAMD



---------------  S Y S T E M  ---------------

OS:
 Windows 10 , 64 bit Build 19041 (10.0.19041.1645)
OS uptime: 3 days 12:25 hours

CPU: total 8 (initial active 8) (8 cores per cpu, 2 threads per core) family 23 model 24 stepping 1 microcode 0x0, cx8, cmov, fxsr, ht, mmx, 3dnowpref, sse, sse2, sse3, ssse3, sse4a, sse4.1, sse4.2, popcnt, lzcnt, tsc, tscinvbit, avx, avx2, aes, clmul, bmi1, bmi2, adx, sha, fma, vzeroupper, clflush, clflushopt

Memory: 4k page, system-wide physical 6060M (1870M free)
TotalPageFile size 7084M (AvailPageFile size 4M)
current process WorkingSet (physical memory assigned to process): 37M, peak: 37M
current process commit charge ("private bytes"): 187M, peak: 188M

vm_info: OpenJDK 64-Bit Server VM (17.0.2+8) for windows-amd64 JRE (17.0.2+8), built on Jan 20 2022 04:52:34 by "" with MS VC++ 16.7 (VS2019)

END.
