#
# There is insufficient memory for the Java Runtime Environment to continue.
# Native memory allocation (malloc) failed to allocate 32744 bytes for ChunkPool::allocate
# Possible reasons:
#   The system is out of physical RAM or swap space
#   The process is running with CompressedOops enabled, and the Java Heap may be blocking the growth of the native heap
# Possible solutions:
#   Reduce memory load on the system
#   Increase physical memory or swap space
#   Check if swap backing store is full
#   Decrease Java heap size (-Xmx/-Xms)
#   Decrease number of Java threads
#   Decrease Java thread stack sizes (-Xss)
#   Set larger code cache with -XX:ReservedCodeCacheSize=
#   JVM is running with Unscaled Compressed Oops mode in which the Java heap is
#     placed in the first 4GB address space. The Java Heap base address is the
#     maximum limit for the native heap growth. Please use -XX:HeapBaseMinAddress
#     to set the Java Heap base and to place the Java Heap above 4GB virtual address.
# This output file may be truncated or incomplete.
#
#  Out of Memory Error (arena.cpp:78), pid=9940, tid=13748
#
# JRE version: OpenJDK Runtime Environment Temurin-17.0.2+8 (17.0.2+8) (build 17.0.2+8)
# Java VM: OpenJDK 64-Bit Server VM Temurin-17.0.2+8 (17.0.2+8, mixed mode, tiered, compressed oops, compressed class ptrs, parallel gc, windows-amd64)
# No core dump will be written. Minidumps are not enabled by default on client versions of Windows
#

---------------  S U M M A R Y ------------

Command Line: --add-modules=ALL-SYSTEM --add-opens=java.base/java.util=ALL-UNNAMED --add-opens=java.base/java.lang=ALL-UNNAMED --add-opens=java.base/sun.nio.fs=ALL-UNNAMED -Declipse.application=org.eclipse.jdt.ls.core.id1 -Dosgi.bundles.defaultStartLevel=4 -Declipse.product=org.eclipse.jdt.ls.core.product -Djava.import.generatesMetadataFilesAtProjectRoot=false -Dfile.encoding=utf8 -DwatchParentProcess=false -XX:+UseParallelGC -XX:GCTimeRatio=4 -XX:AdaptiveSizePolicyWeight=90 -Dsun.zip.disableMemoryMapping=true -Xmx1G -Xms100m c:\Users\91707\.vscode\extensions\redhat.java-1.6.0-win32-x64\server\plugins\org.eclipse.equinox.launcher_1.6.400.v20210924-0641.jar -configuration c:\Users\91707\AppData\Roaming\Code\User\globalStorage\redhat.java\1.6.0\config_ss_win -data c:\Users\91707\AppData\Roaming\Code\User\workspaceStorage\32f95a7b6e21401cd980a1ca28dd1657\redhat.java\ss_ws

Host: AMD Ryzen 5 3500U with Radeon Vega Mobile Gfx  , 8 cores, 5G,  Windows 10 , 64 bit Build 19041 (10.0.19041.1645)
Time: Wed May 18 03:00:14 2022 India Standard Time elapsed time: 0.922116 seconds (0d 0h 0m 0s)

---------------  T H R E A D  ---------------

Current thread (0x0000019253af4ad0):  JavaThread "C1 CompilerThread0" daemon [_thread_in_native, id=13748, stack(0x0000008ac8300000,0x0000008ac8400000)]


Current CompileTask:
C1:    922  344       3       sun.security.provider.ByteArrayAccess::b2iBig64 (231 bytes)

Stack: [0x0000008ac8300000,0x0000008ac8400000]
Native frames: (J=compiled Java code, j=interpreted, Vv=VM code, C=native code)
V  [jvm.dll+0x67564a]
V  [jvm.dll+0x82fc04]
V  [jvm.dll+0x8313ae]
V  [jvm.dll+0x831a13]
V  [jvm.dll+0x245235]
V  [jvm.dll+0xabfc0]
V  [jvm.dll+0xac30c]
V  [jvm.dll+0x175ac3]
V  [jvm.dll+0x175b8e]
V  [jvm.dll+0x1784a9]
V  [jvm.dll+0x17a4e1]
V  [jvm.dll+0x134723]
V  [jvm.dll+0x13401f]
V  [jvm.dll+0x134256]
V  [jvm.dll+0x1336ea]
V  [jvm.dll+0x1353b1]
V  [jvm.dll+0x226ef8]
V  [jvm.dll+0x22503c]
V  [jvm.dll+0x7e596b]
V  [jvm.dll+0x7dff2a]
V  [jvm.dll+0x6744d5]
C  [ucrtbase.dll+0x21bb2]
C  [KERNEL32.DLL+0x17034]
C  [ntdll.dll+0x52651]


---------------  P R O C E S S  ---------------

Threads class SMR info:
_java_thread_list=0x0000019253e46cc0, length=13, elements={
0x000001923b77eca0, 0x0000019251554bf0, 0x00000192515560d0, 0x0000019253ae6140,
0x0000019253ae6c00, 0x0000019253ae7e60, 0x0000019253aee030, 0x0000019253af3980,
0x0000019253af4ad0, 0x0000019253af93e0, 0x000001923b840390, 0x0000019253d35b60,
0x0000019253d5a620
}

Java Threads: ( => current thread )
  0x000001923b77eca0 JavaThread "main" [_thread_in_Java, id=7436, stack(0x0000008ac7900000,0x0000008ac7a00000)]
  0x0000019251554bf0 JavaThread "Reference Handler" daemon [_thread_blocked, id=6456, stack(0x0000008ac7c00000,0x0000008ac7d00000)]
  0x00000192515560d0 JavaThread "Finalizer" daemon [_thread_blocked, id=15884, stack(0x0000008ac7d00000,0x0000008ac7e00000)]
  0x0000019253ae6140 JavaThread "Signal Dispatcher" daemon [_thread_blocked, id=2724, stack(0x0000008ac7e00000,0x0000008ac7f00000)]
  0x0000019253ae6c00 JavaThread "Attach Listener" daemon [_thread_blocked, id=13092, stack(0x0000008ac7f00000,0x0000008ac8000000)]
  0x0000019253ae7e60 JavaThread "Service Thread" daemon [_thread_blocked, id=10040, stack(0x0000008ac8000000,0x0000008ac8100000)]
  0x0000019253aee030 JavaThread "Monitor Deflation Thread" daemon [_thread_blocked, id=764, stack(0x0000008ac8100000,0x0000008ac8200000)]
  0x0000019253af3980 JavaThread "C2 CompilerThread0" daemon [_thread_blocked, id=11568, stack(0x0000008ac8200000,0x0000008ac8300000)]
=>0x0000019253af4ad0 JavaThread "C1 CompilerThread0" daemon [_thread_in_native, id=13748, stack(0x0000008ac8300000,0x0000008ac8400000)]
  0x0000019253af93e0 JavaThread "Sweeper thread" daemon [_thread_blocked, id=12656, stack(0x0000008ac8400000,0x0000008ac8500000)]
  0x000001923b840390 JavaThread "Common-Cleaner" daemon [_thread_blocked, id=5340, stack(0x0000008ac8500000,0x0000008ac8600000)]
  0x0000019253d35b60 JavaThread "Notification Thread" daemon [_thread_blocked, id=4740, stack(0x0000008ac8600000,0x0000008ac8700000)]
  0x0000019253d5a620 JavaThread "C2 CompilerThread1" daemon [_thread_blocked, id=8696, stack(0x0000008ac8800000,0x0000008ac8900000)]

Other Threads:
  0x000001923b85e9a0 VMThread "VM Thread" [stack: 0x0000008ac7b00000,0x0000008ac7c00000] [id=2920]
  0x0000019253d275f0 WatcherThread [stack: 0x0000008ac8700000,0x0000008ac8800000] [id=6864]
  0x000001923b798910 GCTaskThread "GC Thread#0" [stack: 0x0000008ac7a00000,0x0000008ac7b00000] [id=5516]

Threads with active compile tasks:
C1 CompilerThread0      964  344       3       sun.security.provider.ByteArrayAccess::b2iBig64 (231 bytes)

VM state: not at safepoint (normal execution)

VM Mutex/Monitor currently owned by a thread: None

Heap address: 0x00000000c0000000, size: 1024 MB, Compressed Oops mode: 32-bit

CDS archive(s) not mapped
Compressed class space mapped at: 0x0000000100000000-0x0000000140000000, reserved size: 1073741824
Narrow klass base: 0x0000000000000000, Narrow klass shift: 3, Narrow klass range: 0x140000000

GC Precious Log:
 CPUs: 8 total, 8 available
 Memory: 6060M
 Large Page Support: Disabled
 NUMA Support: Disabled
 Compressed Oops: Enabled (32-bit)
 Alignments: Space 512K, Generation 512K, Heap 2M
 Heap Min Capacity: 100M
 Heap Initial Capacity: 100M
 Heap Max Capacity: 1G
 Pre-touch: Disabled
 Parallel Workers: 8

Heap:
 PSYoungGen      total 29696K, used 5186K [0x00000000eab00000, 0x00000000ecc00000, 0x0000000100000000)
  eden space 25600K, 20% used [0x00000000eab00000,0x00000000eb010930,0x00000000ec400000)
  from space 4096K, 0% used [0x00000000ec800000,0x00000000ec800000,0x00000000ecc00000)
  to   space 4096K, 0% used [0x00000000ec400000,0x00000000ec400000,0x00000000ec800000)
 ParOldGen       total 68608K, used 0K [0x00000000c0000000, 0x00000000c4300000, 0x00000000eab00000)
  object space 68608K, 0% used [0x00000000c0000000,0x00000000c0000000,0x00000000c4300000)
 Metaspace       used 8141K, committed 8320K, reserved 1056768K
  class space    used 811K, committed 896K, reserved 1048576K

Card table byte_map: [0x000001924edd0000,0x000001924efe0000] _byte_map_base: 0x000001924e7d0000

Marking Bits: (ParMarkBitMap*) 0x00007ffe93c53af0
 Begin Bits: [0x000001924f140000, 0x0000019250140000)
 End Bits:   [0x0000019250140000, 0x0000019251140000)

Polling page: 0x000001923b860000

Metaspace:

Usage:
  Non-class:      7.16 MB used.
      Class:    811.73 KB used.
       Both:      7.96 MB used.

Virtual space:
  Non-class space:        8.00 MB reserved,       7.25 MB ( 91%) committed,  1 nodes.
      Class space:        1.00 GB reserved,     896.00 KB ( <1%) committed,  1 nodes.
             Both:        1.01 GB reserved,       8.12 MB ( <1%) committed. 

Chunk freelists:
   Non-Class:  432.00 KB
       Class:  3.00 MB
        Both:  3.42 MB

MaxMetaspaceSize: unlimited
CompressedClassSpaceSize: 1.00 GB
Initial GC threshold: 21.00 MB
Current GC threshold: 21.00 MB
CDS: off
MetaspaceReclaimPolicy: balanced
 - commit_granule_bytes: 65536.
 - commit_granule_words: 8192.
 - virtual_space_node_default_size: 1048576.
 - enlarge_chunks_in_place: 1.
 - new_chunks_are_fully_committed: 0.
 - uncommit_free_chunks: 1.
 - use_allocation_guard: 0.
 - handle_deallocations: 1.


Internal statistics:

num_allocs_failed_limit: 0.
num_arena_births: 8.
num_arena_deaths: 0.
num_vsnodes_births: 2.
num_vsnodes_deaths: 0.
num_space_committed: 130.
num_space_uncommitted: 0.
num_chunks_returned_to_freelist: 0.
num_chunks_taken_from_freelist: 33.
num_chunk_merges: 0.
num_chunk_splits: 10.
num_chunks_enlarged: 5.
num_purges: 0.
num_inconsistent_stats: 0.

CodeHeap 'non-profiled nmethods': size=120000Kb used=108Kb max_used=108Kb free=119891Kb
 bounds [0x00000192476c0000, 0x0000019247930000, 0x000001924ebf0000]
CodeHeap 'profiled nmethods': size=120000Kb used=479Kb max_used=479Kb free=119520Kb
 bounds [0x0000019240190000, 0x0000019240400000, 0x00000192476c0000]
CodeHeap 'non-nmethods': size=5760Kb used=1121Kb max_used=1147Kb free=4638Kb
 bounds [0x000001923fbf0000, 0x000001923fe60000, 0x0000019240190000]
 total_blobs=759 nmethods=352 adapters=322
 compilation: enabled
              stopped_count=0, restarted_count=0
 full_count=0

Compilation events (20 events):
Event: 0.904 Thread 0x0000019253af4ad0  337       3       java.security.Provider$ServiceKey::hashCode (19 bytes)
Event: 0.904 Thread 0x0000019253af4ad0 nmethod 337 0x0000019240205d10 code [0x0000019240205ec0, 0x0000019240206058]
Event: 0.904 Thread 0x0000019253af4ad0  339       3       java.util.ArrayList$Itr::next (66 bytes)
Event: 0.905 Thread 0x0000019253af4ad0 nmethod 339 0x0000019240206190 code [0x0000019240206380, 0x0000019240206748]
Event: 0.905 Thread 0x0000019253af4ad0  340       3       java.util.ArrayList$Itr::checkForComodification (23 bytes)
Event: 0.905 Thread 0x0000019253af4ad0 nmethod 340 0x0000019240206910 code [0x0000019240206ac0, 0x0000019240206c88]
Event: 0.905 Thread 0x0000019253af4ad0  341       1       java.security.Provider$UString::toString (5 bytes)
Event: 0.905 Thread 0x0000019253af4ad0 nmethod 341 0x00000192476d7190 code [0x00000192476d7320, 0x00000192476d73f8]
Event: 0.905 Thread 0x0000019253af4ad0  342       1       java.security.Provider$Service::getProvider (5 bytes)
Event: 0.905 Thread 0x0000019253af4ad0 nmethod 342 0x00000192476d7490 code [0x00000192476d7620, 0x00000192476d76f8]
Event: 0.905 Thread 0x0000019253af4ad0  343       3       sun.security.provider.SHA2::implCompress0 (490 bytes)
Event: 0.906 Thread 0x0000019253af4ad0 nmethod 343 0x0000019240206d90 code [0x0000019240206f80, 0x00000192402077e8]
Event: 0.907 Thread 0x0000019253af4ad0  344       3       sun.security.provider.ByteArrayAccess::b2iBig64 (231 bytes)
Event: 0.908 Thread 0x0000019253d5a620  347       4       java.lang.invoke.VarHandleGuards::guard_LI_I (78 bytes)
Event: 0.908 Thread 0x0000019253af3980  348       4       java.lang.invoke.VarHandleByteArrayAsInts$ArrayHandle::get (36 bytes)
Event: 0.912 Thread 0x0000019253af3980 nmethod 348 0x00000192476d7790 code [0x00000192476d7920, 0x00000192476d7a78]
Event: 0.912 Thread 0x0000019253af3980  350 %     4       sun.security.provider.SHA2::implCompress0 @ 220 (490 bytes)
Event: 0.914 Thread 0x0000019253d5a620 nmethod 347 0x00000192476d7c10 code [0x00000192476d7dc0, 0x00000192476d8068]
Event: 0.914 Thread 0x0000019253d5a620  349       4       jdk.internal.misc.Unsafe::getIntUnaligned (12 bytes)
Event: 0.915 Thread 0x0000019253d5a620 nmethod 349 0x00000192476d8410 code [0x00000192476d8580, 0x00000192476d8638]

GC Heap History (0 events):
No events

Deoptimization events (4 events):
Event: 0.764 Thread 0x000001923b77eca0 Uncommon trap: trap_request=0xffffff45 fr.pc=0x00000192476cd374 relative=0x0000000000000514
Event: 0.764 Thread 0x000001923b77eca0 Uncommon trap: reason=unstable_if action=reinterpret pc=0x00000192476cd374 method=java.util.HashMap.putVal(ILjava/lang/Object;Ljava/lang/Object;ZZ)Ljava/lang/Object; @ 181 c2
Event: 0.764 Thread 0x000001923b77eca0 DEOPT PACKING pc=0x00000192476cd374 sp=0x0000008ac79fdbd0
Event: 0.764 Thread 0x000001923b77eca0 DEOPT UNPACKING pc=0x000001923fc420a3 sp=0x0000008ac79fdb50 mode 2

Classes unloaded (0 events):
No events

Classes redefined (0 events):
No events

Internal exceptions (1 events):
Event: 0.541 Thread 0x000001923b77eca0 Exception <a 'java/lang/NoSuchMethodError'{0x00000000eacb2170}: 'void java.lang.invoke.DirectMethodHandle$Holder.invokeStatic(java.lang.Object, java.lang.Object, java.lang.Object)'> (0x00000000eacb2170) 
thrown [e:\jenkins\tmp\workspace\build\src\src\hotspot\share\interpreter\linkResolver.cpp, line 766]

VM Operations (2 events):
Event: 0.552 Executing VM operation: HandshakeAllThreads
Event: 0.552 Executing VM operation: HandshakeAllThreads done

Events (20 events):
Event: 0.913 loading class java/util/zip/Checksum done
Event: 0.913 loading class java/util/zip/CRC32 done
Event: 0.913 loading class java/util/zip/Checksum$1
Event: 0.913 loading class java/util/zip/Checksum$1 done
Event: 0.915 loading class java/security/SecureClassLoader$CodeSourceKey
Event: 0.915 loading class java/security/SecureClassLoader$CodeSourceKey done
Event: 0.915 loading class java/security/SecureClassLoader$1
Event: 0.915 loading class java/security/SecureClassLoader$1 done
Event: 0.915 loading class sun/security/util/LazyCodeSourcePermissionCollection
Event: 0.915 loading class java/security/PermissionCollection
Event: 0.915 loading class java/security/PermissionCollection done
Event: 0.915 loading class sun/security/util/LazyCodeSourcePermissionCollection done
Event: 0.916 loading class java/security/Permissions
Event: 0.916 loading class java/security/Permissions done
Event: 0.916 loading class java/security/BasicPermissionCollection
Event: 0.916 loading class java/security/BasicPermissionCollection done
Event: 0.916 loading class java/security/UnresolvedPermission
Event: 0.916 loading class java/security/UnresolvedPermission done
Event: 0.916 loading class java/security/SecureClassLoader$DebugHolder
Event: 0.917 loading class java/security/SecureClassLoader$DebugHolder done


Dynamic libraries:
0x00007ff6c8bc0000 - 0x00007ff6c8bce000 	c:\Users\91707\.vscode\extensions\redhat.java-1.6.0-win32-x64\jre\17.0.2-win32-x86_64\bin\java.exe
0x00007ffecc270000 - 0x00007ffecc465000 	C:\windows\SYSTEM32\ntdll.dll
0x00007ffecbd30000 - 0x00007ffecbdee000 	C:\windows\System32\KERNEL32.DLL
0x00007ffec9e10000 - 0x00007ffeca0d8000 	C:\windows\System32\KERNELBASE.dll
0x00007ffec9d10000 - 0x00007ffec9e10000 	C:\windows\System32\ucrtbase.dll
0x00007ffeadfc0000 - 0x00007ffeadfd8000 	c:\Users\91707\.vscode\extensions\redhat.java-1.6.0-win32-x64\jre\17.0.2-win32-x86_64\bin\jli.dll
0x00007ffecc070000 - 0x00007ffecc210000 	C:\windows\System32\USER32.dll
0x00007ffeb05f0000 - 0x00007ffeb088a000 	C:\windows\WinSxS\amd64_microsoft.windows.common-controls_6595b64144ccf1df_6.0.19041.1110_none_60b5254171f9507e\COMCTL32.dll
0x00007ffeca1f0000 - 0x00007ffeca212000 	C:\windows\System32\win32u.dll
0x00007ffeca5b0000 - 0x00007ffeca64e000 	C:\windows\System32\msvcrt.dll
0x00007ffecb8f0000 - 0x00007ffecb91a000 	C:\windows\System32\GDI32.dll
0x00007ffeca0e0000 - 0x00007ffeca1eb000 	C:\windows\System32\gdi32full.dll
0x00007ffec99e0000 - 0x00007ffec9a7d000 	C:\windows\System32\msvcp_win.dll
0x00007ffead170000 - 0x00007ffead189000 	c:\Users\91707\.vscode\extensions\redhat.java-1.6.0-win32-x64\jre\17.0.2-win32-x86_64\bin\VCRUNTIME140.dll
0x00007ffecbd00000 - 0x00007ffecbd30000 	C:\windows\System32\IMM32.DLL
0x00007ffec1ce0000 - 0x00007ffec1cec000 	c:\Users\91707\.vscode\extensions\redhat.java-1.6.0-win32-x64\jre\17.0.2-win32-x86_64\bin\vcruntime140_1.dll
0x00007ffea6d80000 - 0x00007ffea6e11000 	c:\Users\91707\.vscode\extensions\redhat.java-1.6.0-win32-x64\jre\17.0.2-win32-x86_64\bin\msvcp140.dll
0x00007ffe930d0000 - 0x00007ffe93d17000 	c:\Users\91707\.vscode\extensions\redhat.java-1.6.0-win32-x64\jre\17.0.2-win32-x86_64\bin\server\jvm.dll
0x00007ffecbfc0000 - 0x00007ffecc06e000 	C:\windows\System32\ADVAPI32.dll
0x00007ffecbf20000 - 0x00007ffecbfbc000 	C:\windows\System32\sechost.dll
0x00007ffecb600000 - 0x00007ffecb725000 	C:\windows\System32\RPCRT4.dll
0x00007ffecbcf0000 - 0x00007ffecbcf8000 	C:\windows\System32\PSAPI.DLL
0x00007ffebf830000 - 0x00007ffebf857000 	C:\windows\SYSTEM32\WINMM.dll
0x00007ffec0ab0000 - 0x00007ffec0aba000 	C:\windows\SYSTEM32\VERSION.dll
0x00007ffec1c00000 - 0x00007ffec1c09000 	C:\windows\SYSTEM32\WSOCK32.dll
0x00007ffecac60000 - 0x00007ffecaccb000 	C:\windows\System32\WS2_32.dll
0x00007ffec78b0000 - 0x00007ffec78c2000 	C:\windows\SYSTEM32\kernel.appcore.dll
0x00007ffec1880000 - 0x00007ffec188a000 	c:\Users\91707\.vscode\extensions\redhat.java-1.6.0-win32-x64\jre\17.0.2-win32-x86_64\bin\jimage.dll
0x00007ffeb6270000 - 0x00007ffeb6454000 	C:\windows\SYSTEM32\DBGHELP.DLL
0x00007ffeb1dc0000 - 0x00007ffeb1dec000 	C:\windows\SYSTEM32\dbgcore.DLL
0x00007ffec9ab0000 - 0x00007ffec9b32000 	C:\windows\System32\bcryptPrimitives.dll
0x00007ffeaae70000 - 0x00007ffeaae95000 	c:\Users\91707\.vscode\extensions\redhat.java-1.6.0-win32-x64\jre\17.0.2-win32-x86_64\bin\java.dll
0x00007ffeabc90000 - 0x00007ffeabca8000 	c:\Users\91707\.vscode\extensions\redhat.java-1.6.0-win32-x64\jre\17.0.2-win32-x86_64\bin\zip.dll
0x00007ffecacd0000 - 0x00007ffecb414000 	C:\windows\System32\SHELL32.dll
0x00007ffec7ab0000 - 0x00007ffec8244000 	C:\windows\SYSTEM32\windows.storage.dll
0x00007ffecb930000 - 0x00007ffecbc84000 	C:\windows\System32\combase.dll
0x00007ffec9330000 - 0x00007ffec935c000 	C:\windows\SYSTEM32\Wldp.dll
0x00007ffeca3f0000 - 0x00007ffeca49d000 	C:\windows\System32\SHCORE.dll
0x00007ffeca550000 - 0x00007ffeca5a5000 	C:\windows\System32\shlwapi.dll
0x00007ffec98d0000 - 0x00007ffec98ef000 	C:\windows\SYSTEM32\profapi.dll
0x00007ffeaadd0000 - 0x00007ffeaade9000 	C:\Users\91707\.vscode\extensions\redhat.java-1.6.0-win32-x64\jre\17.0.2-win32-x86_64\bin\net.dll
0x00007ffec3e30000 - 0x00007ffec3f3a000 	C:\windows\SYSTEM32\WINHTTP.dll
0x00007ffec9090000 - 0x00007ffec90fa000 	C:\windows\system32\mswsock.dll
0x00007ffeaa8d0000 - 0x00007ffeaa8e5000 	C:\Users\91707\.vscode\extensions\redhat.java-1.6.0-win32-x64\jre\17.0.2-win32-x86_64\bin\nio.dll

dbghelp: loaded successfully - version: 4.0.5 - missing functions: none
symbol engine: initialized successfully - sym options: 0x614 - pdb path: .;c:\Users\91707\.vscode\extensions\redhat.java-1.6.0-win32-x64\jre\17.0.2-win32-x86_64\bin;C:\windows\SYSTEM32;C:\windows\WinSxS\amd64_microsoft.windows.common-controls_6595b64144ccf1df_6.0.19041.1110_none_60b5254171f9507e;c:\Users\91707\.vscode\extensions\redhat.java-1.6.0-win32-x64\jre\17.0.2-win32-x86_64\bin\server

VM Arguments:
jvm_args: --add-modules=ALL-SYSTEM --add-opens=java.base/java.util=ALL-UNNAMED --add-opens=java.base/java.lang=ALL-UNNAMED --add-opens=java.base/sun.nio.fs=ALL-UNNAMED -Declipse.application=org.eclipse.jdt.ls.core.id1 -Dosgi.bundles.defaultStartLevel=4 -Declipse.product=org.eclipse.jdt.ls.core.product -Djava.import.generatesMetadataFilesAtProjectRoot=false -Dfile.encoding=utf8 -DwatchParentProcess=false -XX:+UseParallelGC -XX:GCTimeRatio=4 -XX:AdaptiveSizePolicyWeight=90 -Dsun.zip.disableMemoryMapping=true -Xmx1G -Xms100m 
java_command: c:\Users\91707\.vscode\extensions\redhat.java-1.6.0-win32-x64\server\plugins\org.eclipse.equinox.launcher_1.6.400.v20210924-0641.jar -configuration c:\Users\91707\AppData\Roaming\Code\User\globalStorage\redhat.java\1.6.0\config_ss_win -data c:\Users\91707\AppData\Roaming\Code\User\workspaceStorage\32f95a7b6e21401cd980a1ca28dd1657\redhat.java\ss_ws
java_class_path (initial): c:\Users\91707\.vscode\extensions\redhat.java-1.6.0-win32-x64\server\plugins\org.eclipse.equinox.launcher_1.6.400.v20210924-0641.jar
Launcher Type: SUN_STANDARD

[Global flags]
    uintx AdaptiveSizePolicyWeight                 = 90                                        {product} {command line}
     intx CICompilerCount                          = 4                                         {product} {ergonomic}
    uintx GCTimeRatio                              = 4                                         {product} {command line}
   size_t InitialHeapSize                          = 104857600                                 {product} {command line}
   size_t MaxHeapSize                              = 1073741824                                {product} {command line}
   size_t MaxNewSize                               = 357564416                                 {product} {ergonomic}
   size_t MinHeapDeltaBytes                        = 524288                                    {product} {ergonomic}
   size_t MinHeapSize                              = 104857600                                 {product} {command line}
   size_t NewSize                                  = 34603008                                  {product} {ergonomic}
    uintx NonNMethodCodeHeapSize                   = 5839372                                {pd product} {ergonomic}
    uintx NonProfiledCodeHeapSize                  = 122909434                              {pd product} {ergonomic}
   size_t OldSize                                  = 70254592                                  {product} {ergonomic}
    uintx ProfiledCodeHeapSize                     = 122909434                              {pd product} {ergonomic}
    uintx ReservedCodeCacheSize                    = 251658240                              {pd product} {ergonomic}
     bool SegmentedCodeCache                       = true                                      {product} {ergonomic}
   size_t SoftMaxHeapSize                          = 1073741824                             {manageable} {ergonomic}
     bool UseCompressedClassPointers               = true                           {product lp64_product} {ergonomic}
     bool UseCompressedOops                        = true                           {product lp64_product} {ergonomic}
     bool UseLargePagesIndividualAllocation        = false                                  {pd product} {ergonomic}
     bool UseParallelGC                            = true                                      {product} {command line}

Logging:
Log output configuration:
 #0: stdout all=warning uptime,level,tags
 #1: stderr all=off uptime,level,tags

Environment Variables:
JAVA_HOME=C:\Program Files\Java\jdk-15.0.1
PATH=C:\Python310\Scripts\;C:\Python310\;C:\Program Files (x86)\Common Files\Intel\Shared Libraries\redist\intel64\compiler;C:\Program Files\Common Files\Oracle\Java\javapath;C:\windows\system32;C:\windows;C:\windows\System32\Wbem;C:\windows\System32\WindowsPowerShell\v1.0\;C:\windows\System32\OpenSSH\;C:\Program Files\Java\jdk-15\bin;C:\Program Files\Java\jdk-14.0.2\bin;C:\Program Files\Java\jdk-15.0.1\bin;C:\Program Files\Git\cmd;C:\Program Files\Java\jdk-14.0.2\bin;C:\MinGW\bin;C:\ProgramData\chocolatey\bin;C:\Users\91707\AppData\Local\Microsoft\WindowsApps;;C:\Program Files\JetBrains\IntelliJ IDEA Community Edition 2020.2.3\bin;;C:\Users\91707\AppData\Local\Programs\Microsoft VS Code\bin
USERNAME=91707
OS=Windows_NT
PROCESSOR_IDENTIFIER=AMD64 Family 23 Model 24 Stepping 1, AuthenticAMD



---------------  S Y S T E M  ---------------

OS:
 Windows 10 , 64 bit Build 19041 (10.0.19041.1645)
OS uptime: 3 days 12:25 hours

CPU: total 8 (initial active 8) (8 cores per cpu, 2 threads per core) family 23 model 24 stepping 1 microcode 0x0, cx8, cmov, fxsr, ht, mmx, 3dnowpref, sse, sse2, sse3, ssse3, sse4a, sse4.1, sse4.2, popcnt, lzcnt, tsc, tscinvbit, avx, avx2, aes, clmul, bmi1, bmi2, adx, sha, fma, vzeroupper, clflush, clflushopt

Memory: 4k page, system-wide physical 6060M (1873M free)
TotalPageFile size 7084M (AvailPageFile size 0M)
current process WorkingSet (physical memory assigned to process): 42M, peak: 42M
current process commit charge ("private bytes"): 191M, peak: 191M

vm_info: OpenJDK 64-Bit Server VM (17.0.2+8) for windows-amd64 JRE (17.0.2+8), built on Jan 20 2022 04:52:34 by "" with MS VC++ 16.7 (VS2019)

END.
